\BOOKMARK [1][-]{section.1}{\376\377\000G\000I\036\332\000I\000\040\000T\000H\000I\036\306\000U\000\040\001\020\036\300\000\040\000T\000\300\000I}{}% 1
\BOOKMARK [2][-]{subsection.1.1}{\376\377\000H\036\307\000\040\000t\000h\036\321\000n\000g\000\040\000b\000\341\000o\000\040\001\021\036\331\000n\000g\000\040\000a\000n\000\040\000t\000o\000\340\000n\000\040\000c\000h\000o\000\040\000g\000i\000a\000\040\001\021\000\354\000n\000h}{section.1}% 2
\BOOKMARK [2][-]{subsection.1.2}{\376\377\000Y\000\352\000u\000\040\000c\036\247\000u\000\040\000c\036\347\000a\000\040\000h\036\307\000\040\000t\000h\036\321\000n\000g}{section.1}% 3
\BOOKMARK [3][-]{subsubsection.1.2.1}{\376\377\000Y\000\352\000u\000\040\000c\036\247\000u\000\040\000c\000h\036\351\000c\000\040\000n\001\003\000n\000g}{subsection.1.2}% 4
\BOOKMARK [3][-]{subsubsection.1.2.2}{\376\377\000Y\000\352\000u\000\040\000c\036\247\000u\000\040\000p\000h\000i\000\040\000c\000h\036\351\000c\000\040\000n\001\003\000n\000g}{subsection.1.2}% 5
\BOOKMARK [3][-]{subsubsection.1.2.3}{\376\377\000P\000h\036\241\000m\000\040\000v\000i\000\040\000v\000\340\000\040\001\021\000i\036\301\000u\000\040\000k\000i\036\307\000n\000\040\000h\000o\036\241\000t\000\040\001\021\036\331\000n\000g}{subsection.1.2}% 6
\BOOKMARK [2][-]{subsection.1.3}{\376\377\000P\000h\000\342\000n\000\040\000c\000\364\000n\000g\000\040\000n\000h\000i\036\307\000m\000\040\000v\036\345\000\040\000t\000r\000o\000n\000g\000\040\000n\000h\000\363\000m}{section.1}% 7
\BOOKMARK [1][-]{section.2}{\376\377\000T\000H\000I\036\276\000T\000\040\000K\036\276\000\040\000H\036\306\000\040\000T\000H\036\320\000N\000G}{}% 8
\BOOKMARK [2][-]{subsection.2.1}{\376\377\000T\000h\000i\036\277\000t\000\040\000b\036\313\000\040\000s\036\355\000\040\000d\036\345\000n\000g}{section.2}% 9
\BOOKMARK [2][-]{subsection.2.2}{\376\377\000M\000\364\000\040\000t\036\243\000\040\000h\000o\036\241\000t\000\040\001\021\036\331\000n\000g\000\040\000h\036\307\000\040\000t\000h\036\321\000n\000g}{section.2}% 10
\BOOKMARK [2][-]{subsection.2.3}{\376\377\000C\000\364\000n\000g\000\040\000n\000g\000h\036\307\000\040\000s\036\355\000\040\000d\036\345\000n\000g}{section.2}% 11
\BOOKMARK [2][-]{subsection.2.4}{\376\377\000S\036\355\000\040\000d\036\345\000n\000g\000\040\000D\000e\000s\000i\000g\000n\000\040\000P\000a\000t\000t\000e\000r\000n}{section.2}% 12
\BOOKMARK [1][-]{section.3}{\376\377\000U\000S\000E\000\040\000C\000A\000S\000E\000\040\000C\000H\000I\000\040\000T\000I\036\276\000T\000\040\000V\000\300\000\040\000S\001\240\000\040\001\020\036\322\000\040\000H\000O\036\240\000T\000\040\001\020\036\330\000N\000G\000,\000\040\000S\001\240\000\040\001\020\036\322\000\040\000L\036\332\000P\000\040\000C\036\346\000A\000\040\000H\036\306\000\040\000T\000H\036\320\000N\000G}{}% 13
\BOOKMARK [2][-]{subsection.3.1}{\376\377\000S\001\241\000\040\001\021\036\323\000\040\000U\000s\000e\000\040\000C\000a\000s\000e\000\040\000c\036\347\000a\000\040\000h\036\307\000\040\000t\000h\036\321\000n\000g}{section.3}% 14
\BOOKMARK [2][-]{subsection.3.2}{\376\377\001\020\036\267\000c\000\040\000t\036\243\000\040\000U\000s\000e\000\040\000C\000a\000s\000e\000\040\000c\036\347\000a\000\040\000h\036\307\000\040\000t\000h\036\321\000n\000g}{section.3}% 15
\BOOKMARK [2][-]{subsection.3.3}{\376\377\000S\001\241\000\040\001\021\036\323\000\040\000h\000o\036\241\000t\000\040\001\021\036\331\000n\000g\000\040\000c\036\347\000a\000\040\000h\036\307\000\040\000t\000h\036\321\000n\000g}{section.3}% 16
\BOOKMARK [2][-]{subsection.3.4}{\376\377\000S\001\241\000\040\001\021\036\323\000\040\000l\036\333\000p\000\040\000c\036\347\000a\000\040\000h\036\307\000\040\000t\000h\036\321\000n\000g}{section.3}% 17
\BOOKMARK [1][-]{section.4}{\376\377\000G\000I\000A\000O\000\040\000D\000I\036\306\000N\000\040\000N\000G\001\257\036\334\000I\000\040\000D\000\331\000N\000G\000\040\000V\000\300\000\040\000D\000E\000M\000O\000\040\000S\036\242\000N\000\040\000P\000H\036\250\000M}{}% 18
\BOOKMARK [2][-]{subsection.4.1}{\376\377\000D\000e\000m\000o\000\040\000s\036\243\000n\000\040\000p\000h\036\251\000m}{section.4}% 19
\BOOKMARK [2][-]{subsection.4.2}{\376\377\000C\000h\036\241\000y\000\040\000h\036\307\000\040\000t\000h\036\321\000n\000g}{section.4}% 20
\BOOKMARK [2][-]{subsection.4.3}{\376\377\000G\000i\000a\000o\000\040\000d\000i\036\307\000n\000\040\000n\000g\001\260\036\335\000i\000\040\000d\000\371\000n\000g}{section.4}% 21
\BOOKMARK [1][-]{section.5}{\376\377\000K\036\276\000T\000\040\000L\000U\036\254\000N}{}% 22
\BOOKMARK [1][-]{section.6}{\376\377\000T\000\300\000I\000\040\000L\000I\036\306\000U\000\040\000T\000H\000A\000M\000\040\000K\000H\036\242\000O}{}% 23
